[2025-10-09 17:47:01,408] [WARNING] WhatsApp Bot não disponível: Error while connecting to the Internet. Make sure you are connected to the Internet!
[2025-10-09 17:47:01,507] [INFO]  * Restarting with stat
[2025-10-09 17:47:13,313] [WARNING] WhatsApp Bot não disponível: Error while connecting to the Internet. Make sure you are connected to the Internet!
[2025-10-09 17:47:13,383] [WARNING]  * Debugger is active!
[2025-10-09 17:47:13,407] [INFO]  * Debugger PIN: 124-944-220
[2025-10-09 17:49:05,068] [INFO] ====== WebDriver manager ======
[2025-10-09 17:49:05,164] [INFO] Get LATEST chromedriver version for google-chrome
[2025-10-09 17:50:59,796] [WARNING] WhatsApp Bot não disponível: Error while connecting to the Internet. Make sure you are connected to the Internet!
[2025-10-09 17:50:59,839] [INFO]  * Restarting with stat
[2025-10-09 17:51:11,124] [WARNING] WhatsApp Bot não disponível: Error while connecting to the Internet. Make sure you are connected to the Internet!
[2025-10-09 17:51:11,212] [WARNING]  * Debugger is active!
[2025-10-09 17:51:11,224] [INFO]  * Debugger PIN: 124-944-220
[2025-10-09 17:51:33,590] [INFO] ====== WebDriver manager ======
[2025-10-09 17:51:33,948] [INFO] Get LATEST chromedriver version for google-chrome
[2025-10-09 17:55:15,030] [INFO]  * Detected change in '/home/fernando-sena/Documentos/bot/src/scraper/google_maps_scraper.py', reloading
[2025-10-09 17:55:15,788] [INFO]  * Restarting with stat
[2025-10-09 17:55:30,143] [WARNING] WhatsApp Bot não disponível: Error while connecting to the Internet. Make sure you are connected to the Internet!
[2025-10-09 17:55:30,278] [WARNING]  * Debugger is active!
[2025-10-09 17:55:30,290] [INFO]  * Debugger PIN: 124-944-220
[2025-10-09 17:55:36,715] [INFO]  * Detected change in '/home/fernando-sena/Documentos/bot/src/scraper/google_maps_scraper.py', reloading
[2025-10-09 17:55:37,398] [INFO]  * Restarting with stat
[2025-10-09 17:55:51,791] [WARNING] WhatsApp Bot não disponível: Error while connecting to the Internet. Make sure you are connected to the Internet!
[2025-10-09 17:55:51,824] [WARNING]  * Debugger is active!
[2025-10-09 17:55:51,827] [INFO]  * Debugger PIN: 124-944-220
[2025-10-09 17:56:34,188] [INFO]  * Detected change in '/home/fernando-sena/Documentos/bot/src/scraper/google_maps_scraper.py', reloading
[2025-10-09 17:56:34,933] [INFO]  * Restarting with stat
[2025-10-09 17:56:48,843] [WARNING] WhatsApp Bot não disponível: Error while connecting to the Internet. Make sure you are connected to the Internet!
[2025-10-09 17:56:48,977] [WARNING]  * Debugger is active!
[2025-10-09 17:56:48,981] [INFO]  * Debugger PIN: 124-944-220
[2025-10-09 17:57:21,474] [INFO]  * Detected change in '/home/fernando-sena/Documentos/bot/src/scraper/google_maps_scraper.py', reloading
[2025-10-09 17:57:22,170] [INFO]  * Restarting with stat
[2025-10-09 17:57:35,406] [WARNING] WhatsApp Bot não disponível: Error while connecting to the Internet. Make sure you are connected to the Internet!
[2025-10-09 17:57:35,481] [WARNING]  * Debugger is active!
[2025-10-09 17:57:35,485] [INFO]  * Debugger PIN: 124-944-220
[2025-10-09 17:58:16,548] [INFO] ====== WebDriver manager ======
[2025-10-09 17:58:16,734] [INFO] Get LATEST chromedriver version for google-chrome
[2025-10-09 18:23:21,735] [INFO] WhatsApp Bot inicializado (sessão: default)
[2025-10-09 18:23:21,737] [INFO] Iniciando navegador...
[2025-10-09 18:23:21,737] [INFO] Tentando usar ChromeDriverManager...
[2025-10-09 18:23:21,737] [INFO] ====== WebDriver manager ======
[2025-10-09 18:23:21,817] [INFO] Get LATEST chromedriver version for google-chrome
[2025-10-09 18:23:32,029] [WARNING] ChromeDriverManager falhou: Could not reach host. Are you offline?
[2025-10-09 18:23:32,029] [INFO] Tentando usar chromedriver do sistema...
[2025-10-09 18:23:33,565] [INFO] ChromeDriver do sistema: Sucesso!
[2025-10-09 18:23:33,676] [INFO] Abrindo WhatsApp Web...
[2025-10-09 18:23:35,612] [INFO] Aguardando carregamento...
[2025-10-09 18:23:38,655] [INFO] ✅ Sessão ativa! Já está logado.
[2025-10-09 18:24:01,646] [INFO] Enviando mensagem para King's Lanches...
[2025-10-09 18:24:01,660] [ERROR] Erro ao enviar mensagem para 5538997351055: Message: invalid session id
Stacktrace:
#0 0x55f34db005ba <unknown>
#1 0x55f34d57f3ae <unknown>
#2 0x55f34d5c2c89 <unknown>
#3 0x55f34d5f7536 <unknown>
#4 0x55f34d5f1cb6 <unknown>
#5 0x55f34d5f0df2 <unknown>
#6 0x55f34d547365 <unknown>
#7 0x55f34dac4388 <unknown>
#8 0x55f34dac81ef <unknown>
#9 0x55f34daab819 <unknown>
#10 0x55f34dac8d95 <unknown>
#11 0x55f34da9107f <unknown>
#12 0x55f34d545200 <unknown>
#13 0x70f7ce82a1ca <unknown>
#14 0x70f7ce82a28b __libc_start_main
#15 0x55f34d508eaa _start

[2025-10-09 18:24:14,722] [INFO] Navegador fechado
[2025-10-09 18:24:14,723] [WARNING] Retrying (Retry(total=2, connect=None, read=None, redirect=None, status=None)) after connection broken by 'NewConnectionError('<urllib3.connection.HTTPConnection object at 0x73a9fa696240>: Failed to establish a new connection: [Errno 111] ECONNREFUSED')': /session/3f5397172fbec66695da5099945777a6/element
[2025-10-09 18:24:14,724] [WARNING] Retrying (Retry(total=1, connect=None, read=None, redirect=None, status=None)) after connection broken by 'NewConnectionError('<urllib3.connection.HTTPConnection object at 0x73a9fa7ca840>: Failed to establish a new connection: [Errno 111] ECONNREFUSED')': /session/3f5397172fbec66695da5099945777a6/element
[2025-10-09 18:24:14,725] [WARNING] Retrying (Retry(total=0, connect=None, read=None, redirect=None, status=None)) after connection broken by 'NewConnectionError('<urllib3.connection.HTTPConnection object at 0x73a9fa7c9940>: Failed to establish a new connection: [Errno 111] ECONNREFUSED')': /session/3f5397172fbec66695da5099945777a6/element
[2025-10-09 18:24:38,337] [INFO] WhatsApp Bot inicializado (sessão: default)
[2025-10-09 18:24:38,338] [INFO] Iniciando navegador...
[2025-10-09 18:24:38,338] [INFO] Tentando usar ChromeDriverManager...
[2025-10-09 18:24:38,338] [INFO] ====== WebDriver manager ======
[2025-10-09 18:24:38,406] [INFO] Get LATEST chromedriver version for google-chrome
[2025-10-09 18:24:48,621] [WARNING] ChromeDriverManager falhou: Could not reach host. Are you offline?
[2025-10-09 18:24:48,622] [INFO] Tentando usar chromedriver do sistema...
[2025-10-09 18:24:49,769] [INFO] ChromeDriver do sistema: Sucesso!
[2025-10-09 18:24:49,962] [INFO] Abrindo WhatsApp Web...
[2025-10-09 18:24:50,827] [INFO] Aguardando carregamento...
[2025-10-09 18:24:53,930] [INFO] ✅ Sessão ativa! Já está logado.
[2025-10-09 18:25:18,326] [INFO] Enviando mensagem para King's Lanches...
[2025-10-09 18:25:26,370] [INFO] ✅ Mensagem enviada para King's Lanches
[2025-10-09 18:25:56,389] [INFO] Enviando mensagem para Lanchonete Flor Do Vale...
[2025-10-09 18:25:59,445] [WARNING] Connection pool is full, discarding connection: localhost. Connection pool size: 1
[2025-10-09 18:26:13,632] [WARNING] Connection pool is full, discarding connection: localhost. Connection pool size: 1
[2025-10-09 18:26:22,718] [ERROR] Timeout ao aguardar caixa de mensagem para 553335162013. Número pode não existir.
[2025-10-09 18:26:22,726] [INFO] Número 553335162013 bloqueado automaticamente (não existe)
[2025-10-09 18:26:52,743] [INFO] Enviando mensagem para Lanchonete da Tia Fia...
[2025-10-09 18:27:01,121] [INFO] ✅ Mensagem enviada para Lanchonete da Tia Fia
[2025-10-09 18:27:31,138] [INFO] Enviando mensagem para Sabor Mineiro...
[2025-10-09 18:27:31,696] [WARNING] Connection pool is full, discarding connection: localhost. Connection pool size: 1
[2025-10-09 18:27:55,005] [ERROR] Timeout ao aguardar caixa de mensagem para 553139220000. Número pode não existir.
[2025-10-09 18:27:55,011] [INFO] Número 553139220000 bloqueado automaticamente (não existe)
[2025-10-09 18:28:25,061] [INFO] Enviando mensagem para Ribite lanches...
[2025-10-09 18:28:32,969] [INFO] ✅ Mensagem enviada para Ribite lanches
[2025-10-09 18:29:02,985] [INFO] Enviando mensagem para Gula Lanches...
[2025-10-09 18:29:06,723] [WARNING] Connection pool is full, discarding connection: localhost. Connection pool size: 1
[2025-10-09 18:29:11,720] [INFO] ✅ Mensagem enviada para Gula Lanches
[2025-10-09 18:29:41,735] [INFO] Enviando mensagem para Via Norte...
[2025-10-09 18:29:49,638] [WARNING] Connection pool is full, discarding connection: localhost. Connection pool size: 1
[2025-10-09 18:30:05,700] [ERROR] Timeout ao aguardar caixa de mensagem para 5538997429210. Número pode não existir.
[2025-10-09 18:30:05,708] [INFO] Número 5538997429210 bloqueado automaticamente (não existe)
[2025-10-09 18:30:35,725] [INFO] Enviando mensagem para Lanchonete e restaurante Carro de Boi...
[2025-10-09 18:30:39,335] [WARNING] Connection pool is full, discarding connection: localhost. Connection pool size: 1
[2025-10-09 18:30:43,938] [INFO] ✅ Mensagem enviada para Lanchonete e restaurante Carro de Boi
[2025-10-09 18:31:13,960] [INFO] Enviando mensagem para Lanchonete Leão Lanches...
[2025-10-09 18:31:21,969] [INFO] ✅ Mensagem enviada para Lanchonete Leão Lanches
[2025-10-09 18:31:51,985] [INFO] Enviando mensagem para Lanchonete Maquiné...
[2025-10-09 18:32:04,618] [WARNING] Connection pool is full, discarding connection: localhost. Connection pool size: 1
[2025-10-09 18:32:15,812] [ERROR] Timeout ao aguardar caixa de mensagem para 553137146536. Número pode não existir.
[2025-10-09 18:32:15,825] [INFO] Número 553137146536 bloqueado automaticamente (não existe)
[2025-10-09 18:32:45,841] [INFO] Enviando mensagem para LANCHONETE NS...
[2025-10-09 18:32:51,579] [WARNING] Connection pool is full, discarding connection: localhost. Connection pool size: 1
[2025-10-09 18:32:54,545] [WARNING] Connection pool is full, discarding connection: localhost. Connection pool size: 1
[2025-10-09 18:32:55,626] [WARNING] Connection pool is full, discarding connection: localhost. Connection pool size: 1
[2025-10-09 18:32:59,625] [INFO] ✅ Mensagem enviada para LANCHONETE NS
[2025-10-09 18:33:29,641] [INFO] Enviando mensagem para Estação Lanches...
[2025-10-09 18:33:54,035] [ERROR] Timeout ao aguardar caixa de mensagem para 553837417267. Número pode não existir.
[2025-10-09 18:33:54,042] [INFO] Número 553837417267 bloqueado automaticamente (não existe)
[2025-10-09 18:34:24,059] [INFO] Enviando mensagem para Ki Lanchão...
[2025-10-09 18:34:32,016] [INFO] ✅ Mensagem enviada para Ki Lanchão
[2025-10-09 18:35:02,031] [INFO] Enviando mensagem para Pizzaria, Lanchonete e Sanduicheria Chapa Quente Pizzas e Sanduíches- Patos De Minas...
[2025-10-09 18:35:25,658] [ERROR] Timeout ao aguardar caixa de mensagem para 553438257693. Número pode não existir.
[2025-10-09 18:35:25,667] [INFO] Número 553438257693 bloqueado automaticamente (não existe)
[2025-10-09 18:35:55,684] [INFO] Enviando mensagem para Restaurante - Leite ao Pé da Vaca...
[2025-10-09 18:36:03,492] [INFO] ✅ Mensagem enviada para Restaurante - Leite ao Pé da Vaca
[2025-10-09 18:36:33,508] [INFO] Enviando mensagem para Lanchonete Garapinha...
[2025-10-09 18:36:57,344] [ERROR] Timeout ao aguardar caixa de mensagem para 553135515076. Número pode não existir.
[2025-10-09 18:36:57,351] [INFO] Número 553135515076 bloqueado automaticamente (não existe)
[2025-10-09 18:37:27,370] [INFO] Enviando mensagem para Restaurante & Lanchonete Terra de Minas...
[2025-10-09 18:37:51,134] [ERROR] Timeout ao aguardar caixa de mensagem para 553135516565. Número pode não existir.
[2025-10-09 18:37:51,143] [INFO] Número 553135516565 bloqueado automaticamente (não existe)
[2025-10-09 18:38:21,159] [INFO] Enviando mensagem para Lanchonete Severino...
[2025-10-09 18:38:29,546] [INFO] ✅ Mensagem enviada para Lanchonete Severino
[2025-10-09 18:38:59,564] [INFO] Enviando mensagem para Lanchonete Minas...
[2025-10-09 18:39:07,391] [INFO] ✅ Mensagem enviada para Lanchonete Minas
[2025-10-09 18:39:37,409] [INFO] Enviando mensagem para LD Lanches...
[2025-10-09 18:39:38,279] [WARNING] Connection pool is full, discarding connection: localhost. Connection pool size: 1
[2025-10-09 18:39:41,769] [WARNING] Connection pool is full, discarding connection: localhost. Connection pool size: 1
[2025-10-09 18:39:46,599] [INFO] ✅ Mensagem enviada para LD Lanches
[2025-10-09 18:40:16,625] [INFO] Enviando mensagem para Minas lanches...
[2025-10-09 18:40:17,219] [WARNING] Connection pool is full, discarding connection: localhost. Connection pool size: 1
[2025-10-09 18:40:24,683] [INFO] ✅ Mensagem enviada para Minas lanches
[2025-10-09 18:40:54,700] [INFO] Enviando mensagem para Topo Lanches...
[2025-10-09 18:41:18,607] [ERROR] Timeout ao aguardar caixa de mensagem para 553732322049. Número pode não existir.
[2025-10-09 18:41:18,616] [INFO] Número 553732322049 bloqueado automaticamente (não existe)
[2025-10-09 18:41:48,633] [INFO] Enviando mensagem para Lanchonete Tô de Boa...
[2025-10-09 18:42:12,459] [ERROR] Timeout ao aguardar caixa de mensagem para 5531971159104. Número pode não existir.
[2025-10-09 18:42:12,468] [INFO] Número 5531971159104 bloqueado automaticamente (não existe)
[2025-10-09 18:42:42,490] [INFO] Enviando mensagem para Lanchonete Leite de Curral...
[2025-10-09 18:43:06,313] [ERROR] Timeout ao aguardar caixa de mensagem para 553136622338. Número pode não existir.
[2025-10-09 18:43:06,321] [INFO] Número 553136622338 bloqueado automaticamente (não existe)
[2025-10-09 18:43:36,338] [INFO] Enviando mensagem para Milhão MG 050 - Restaurante, Shopping e Lanchonete...
[2025-10-09 18:44:00,272] [ERROR] Timeout ao aguardar caixa de mensagem para 553732041200. Número pode não existir.
[2025-10-09 18:44:00,280] [INFO] Número 553732041200 bloqueado automaticamente (não existe)
[2025-10-09 18:44:30,297] [INFO] Enviando mensagem para Lanchonete Minas Gerais de Itanhaem...
[2025-10-09 18:44:40,371] [INFO] ✅ Mensagem enviada para Lanchonete Minas Gerais de Itanhaem
[2025-10-09 18:45:10,387] [INFO] Enviando mensagem para Shopping Milhão - Pará de Minas/ Florestal...
[2025-10-09 18:45:18,449] [INFO] ✅ Mensagem enviada para Shopping Milhão - Pará de Minas/ Florestal
[2025-10-09 20:07:17,506] [INFO] ====== WebDriver manager ======
[2025-10-09 20:07:17,596] [INFO] Get LATEST chromedriver version for google-chrome
[2025-10-09 21:06:20,143] [INFO] Enviando mensagem para Gula Gula Jardim Paulista...
[2025-10-09 21:06:29,326] [INFO] ✅ Mensagem enviada para Gula Gula Jardim Paulista
[2025-10-09 21:06:59,336] [INFO] Enviando mensagem para Wanderlust Bar...
[2025-10-09 21:07:23,333] [ERROR] Timeout ao aguardar caixa de mensagem para 551132550804. Número pode não existir.
[2025-10-09 21:07:23,340] [INFO] Número 551132550804 bloqueado automaticamente (não existe)
[2025-10-09 21:07:53,354] [INFO] Enviando mensagem para Coco Bambu...
[2025-10-09 21:08:17,350] [ERROR] Timeout ao aguardar caixa de mensagem para 551138132090. Número pode não existir.
[2025-10-09 21:08:17,355] [INFO] Número 551138132090 bloqueado automaticamente (não existe)
[2025-10-09 21:08:47,364] [INFO] Enviando mensagem para Terraço Jardins...
[2025-10-09 21:08:55,875] [INFO] ✅ Mensagem enviada para Terraço Jardins
[2025-10-09 21:09:25,888] [INFO] Enviando mensagem para Bia Hoi SP...
[2025-10-09 21:09:49,629] [ERROR] Timeout ao aguardar caixa de mensagem para 551131594897. Número pode não existir.
[2025-10-09 21:09:49,634] [INFO] Número 551131594897 bloqueado automaticamente (não existe)
[2025-10-09 21:10:19,643] [INFO] Enviando mensagem para DiBaco Vila Nova...
[2025-10-09 21:10:27,419] [INFO] ✅ Mensagem enviada para DiBaco Vila Nova
[2025-10-09 21:10:57,428] [INFO] Enviando mensagem para Restaurante Izakaya Issa...
[2025-10-09 21:11:06,396] [INFO] ✅ Mensagem enviada para Restaurante Izakaya Issa
[2025-10-09 21:11:36,405] [INFO] Enviando mensagem para Le Chef Boucher...
[2025-10-09 21:12:00,449] [ERROR] Timeout ao aguardar caixa de mensagem para 551151818749. Número pode não existir.
[2025-10-09 21:12:00,454] [INFO] Número 551151818749 bloqueado automaticamente (não existe)
[2025-10-09 21:12:30,465] [INFO] Enviando mensagem para Chalezinho Itaim...
[2025-10-09 21:12:38,216] [INFO] ✅ Mensagem enviada para Chalezinho Itaim
[2025-10-09 21:13:08,225] [INFO] Enviando mensagem para Restaurante MI•ADO...
[2025-10-09 21:13:16,694] [INFO] ✅ Mensagem enviada para Restaurante MI•ADO
[2025-10-09 21:13:46,708] [INFO] Enviando mensagem para Cora Restaurante...
[2025-10-09 21:13:55,249] [INFO] ✅ Mensagem enviada para Cora Restaurante
[2025-10-09 21:14:25,261] [INFO] Enviando mensagem para KOTORI...
[2025-10-09 21:14:39,471] [WARNING] Connection pool is full, discarding connection: localhost. Connection pool size: 1
[2025-10-09 21:14:40,415] [WARNING] Connection pool is full, discarding connection: localhost. Connection pool size: 1
[2025-10-09 21:14:46,025] [INFO] ✅ Mensagem enviada para KOTORI
[2025-10-09 21:15:16,038] [INFO] Enviando mensagem para Votre Brasserie...
[2025-10-09 21:15:24,930] [INFO] ✅ Mensagem enviada para Votre Brasserie
[2025-10-09 21:15:54,940] [INFO] Enviando mensagem para Restaurante Bom Gosto...
[2025-10-09 21:16:03,503] [INFO] ✅ Mensagem enviada para Restaurante Bom Gosto
[2025-10-09 21:16:33,512] [INFO] Enviando mensagem para Sancho Bar Y Tapas...
[2025-10-09 21:16:57,626] [ERROR] Timeout ao aguardar caixa de mensagem para 551131411956. Número pode não existir.
[2025-10-09 21:16:57,630] [INFO] Número 551131411956 bloqueado automaticamente (não existe)
[2025-10-09 21:17:27,639] [INFO] Enviando mensagem para CIPÓRESTÔ...
[2025-10-09 21:18:00,579] [ERROR] Timeout ao aguardar caixa de mensagem para 551130496622. Número pode não existir.
[2025-10-09 21:18:00,584] [INFO] Número 551130496622 bloqueado automaticamente (não existe)
[2025-10-09 21:18:30,594] [INFO] Enviando mensagem para Bistrô L’Hotel...
[2025-10-09 21:18:54,557] [ERROR] Timeout ao aguardar caixa de mensagem para 551121830500. Número pode não existir.
[2025-10-09 21:18:54,567] [INFO] Número 551121830500 bloqueado automaticamente (não existe)
[2025-10-09 21:19:24,576] [INFO] Enviando mensagem para Ogni Giorno...
[2025-10-09 21:19:34,543] [WARNING] Connection pool is full, discarding connection: localhost. Connection pool size: 1
[2025-10-09 21:19:48,398] [ERROR] Timeout ao aguardar caixa de mensagem para 551137587242. Número pode não existir.
[2025-10-09 21:19:48,403] [INFO] Número 551137587242 bloqueado automaticamente (não existe)
[2025-10-09 21:20:18,412] [INFO] Enviando mensagem para Ordinário...
[2025-10-09 21:20:18,994] [WARNING] Connection pool is full, discarding connection: localhost. Connection pool size: 1
[2025-10-09 21:20:26,998] [INFO] ✅ Mensagem enviada para Ordinário
[2025-10-09 21:20:57,008] [INFO] Enviando mensagem para Shihoma Pasta Fresca...
[2025-10-09 21:21:00,739] [WARNING] Connection pool is full, discarding connection: localhost. Connection pool size: 1
[2025-10-09 21:21:05,299] [INFO] ✅ Mensagem enviada para Shihoma Pasta Fresca
[2025-10-09 21:21:35,308] [INFO] Enviando mensagem para Adega Santiago - Sampaio Vidal...
[2025-10-09 21:21:38,833] [WARNING] Connection pool is full, discarding connection: localhost. Connection pool size: 1
[2025-10-09 21:21:43,838] [INFO] ✅ Mensagem enviada para Adega Santiago - Sampaio Vidal
[2025-10-09 21:22:13,848] [INFO] Enviando mensagem para D.O.M....
[2025-10-09 21:22:21,576] [INFO] ✅ Mensagem enviada para D.O.M.
[2025-10-09 21:22:51,584] [INFO] Enviando mensagem para Restaurante Que Pasa?...
[2025-10-09 21:22:59,563] [INFO] ✅ Mensagem enviada para Restaurante Que Pasa?
[2025-10-09 21:23:29,574] [INFO] Enviando mensagem para Camarada Camarão Shopping Cidade São Paulo: Camarões, Peixes, Happy Hour, Restaurante, São Paulo SP...
[2025-10-09 21:23:37,346] [INFO] ✅ Mensagem enviada para Camarada Camarão Shopping Cidade São Paulo: Camarões, Peixes, Happy Hour, Restaurante, São Paulo SP
[2025-10-09 21:24:07,355] [INFO] Enviando mensagem para Zucco Cucina: Culinária Italiana, Massas, Vinhos, Risoto, Shopping Morumbi SP...
[2025-10-09 21:24:15,734] [INFO] ✅ Mensagem enviada para Zucco Cucina: Culinária Italiana, Massas, Vinhos, Risoto, Shopping Morumbi SP
[2025-10-09 21:24:45,743] [INFO] Enviando mensagem para Biyou'Z Gastronomia Africana...
[2025-10-09 21:25:09,958] [ERROR] Timeout ao aguardar caixa de mensagem para 551123391220. Número pode não existir.
[2025-10-09 21:25:09,963] [INFO] Número 551123391220 bloqueado automaticamente (não existe)
[2025-10-09 21:25:39,972] [INFO] Enviando mensagem para Picchi...
[2025-10-09 21:26:03,952] [ERROR] Timeout ao aguardar caixa de mensagem para 551130655560. Número pode não existir.
[2025-10-09 21:26:03,958] [INFO] Número 551130655560 bloqueado automaticamente (não existe)
[2025-10-09 21:26:33,967] [INFO] Enviando mensagem para Coco Bambu Market Place: Restaurante, Peixe, Camarão, Carne, Lagosta, Salada, SP...
[2025-10-09 21:26:57,840] [ERROR] Timeout ao aguardar caixa de mensagem para 551151822013. Número pode não existir.
[2025-10-09 21:26:57,853] [INFO] Número 551151822013 bloqueado automaticamente (não existe)
[2025-10-09 21:27:27,862] [INFO] Enviando mensagem para Teus Restaurante Bar...
[2025-10-09 21:27:51,939] [ERROR] Timeout ao aguardar caixa de mensagem para 551135301667. Número pode não existir.
[2025-10-09 21:27:51,944] [INFO] Número 551135301667 bloqueado automaticamente (não existe)
[2025-10-09 21:28:21,954] [INFO] Enviando mensagem para Lo Spaghetto Restaurante Italiano | Massas | Tatuapé...
[2025-10-09 21:28:46,015] [ERROR] Timeout ao aguardar caixa de mensagem para 551129428674. Número pode não existir.
[2025-10-09 21:28:46,020] [INFO] Número 551129428674 bloqueado automaticamente (não existe)
[2025-10-09 21:29:16,029] [INFO] Enviando mensagem para Dalva e Dito...
[2025-10-09 21:29:40,104] [ERROR] Timeout ao aguardar caixa de mensagem para 551130684444. Número pode não existir.
[2025-10-09 21:29:40,109] [INFO] Número 551130684444 bloqueado automaticamente (não existe)
[2025-10-09 21:30:10,118] [INFO] Enviando mensagem para Pateo do Palácio...
[2025-10-09 21:30:18,794] [INFO] ✅ Mensagem enviada para Pateo do Palácio
[2025-10-09 21:30:48,803] [INFO] Enviando mensagem para Barú Marisquería...
[2025-10-09 21:31:13,368] [ERROR] Timeout ao aguardar caixa de mensagem para 5511911403700. Número pode não existir.
[2025-10-09 21:31:13,374] [INFO] Número 5511911403700 bloqueado automaticamente (não existe)
[2025-10-09 21:31:43,383] [INFO] Enviando mensagem para Bistrô Speccialitá...
[2025-10-09 21:31:51,369] [INFO] ✅ Mensagem enviada para Bistrô Speccialitá
[2025-10-09 21:32:21,382] [INFO] Enviando mensagem para Adega Santiago Asador...
[2025-10-09 21:32:29,459] [INFO] ✅ Mensagem enviada para Adega Santiago Asador
[2025-10-09 21:32:59,471] [INFO] Enviando mensagem para Casa do Raimundo - Bar e Restaurante na República...
[2025-10-09 21:33:23,560] [ERROR] Timeout ao aguardar caixa de mensagem para 551131290606. Número pode não existir.
[2025-10-09 21:33:23,565] [INFO] Número 551131290606 bloqueado automaticamente (não existe)
[2025-10-09 21:33:53,584] [INFO] Enviando mensagem para Bistrot de Ville...
[2025-10-09 21:34:01,839] [INFO] ✅ Mensagem enviada para Bistrot de Ville
[2025-10-09 21:34:31,850] [INFO] Enviando mensagem para Restaurante Aveiro São Paulo...
[2025-10-09 21:34:39,844] [INFO] ✅ Mensagem enviada para Restaurante Aveiro São Paulo
[2025-10-09 21:35:09,852] [INFO] Enviando mensagem para Restaurante Dom Gourmet SP...
[2025-10-09 21:35:18,008] [INFO] ✅ Mensagem enviada para Restaurante Dom Gourmet SP
[2025-10-09 21:35:48,023] [INFO] Enviando mensagem para Restaurante All Seasons...
[2025-10-09 21:36:12,022] [ERROR] Timeout ao aguardar caixa de mensagem para 551126271336. Número pode não existir.
[2025-10-09 21:36:12,026] [INFO] Número 551126271336 bloqueado automaticamente (não existe)
[2025-10-09 21:36:42,035] [INFO] Enviando mensagem para Di Paolo Vila Olímpia...
[2025-10-09 21:36:50,113] [INFO] ✅ Mensagem enviada para Di Paolo Vila Olímpia
[2025-10-09 21:37:20,121] [INFO] Enviando mensagem para Chef Rouge...
[2025-10-09 21:37:44,263] [ERROR] Timeout ao aguardar caixa de mensagem para 551130817539. Número pode não existir.
[2025-10-09 21:37:44,269] [INFO] Número 551130817539 bloqueado automaticamente (não existe)
[2025-10-09 21:38:14,278] [INFO] Enviando mensagem para La Maison 218...
[2025-10-09 21:38:38,776] [ERROR] Timeout ao aguardar caixa de mensagem para 551126130253. Número pode não existir.
[2025-10-09 21:38:38,786] [INFO] Número 551126130253 bloqueado automaticamente (não existe)
[2025-10-09 21:39:08,795] [INFO] Enviando mensagem para Parrillada Fuego Celeste - Unidade Pinheiros...
[2025-10-09 21:39:12,369] [WARNING] Connection pool is full, discarding connection: localhost. Connection pool size: 1
[2025-10-09 21:39:32,695] [ERROR] Timeout ao aguardar caixa de mensagem para 551130320050. Número pode não existir.
[2025-10-09 21:39:32,699] [INFO] Número 551130320050 bloqueado automaticamente (não existe)
[2025-10-09 21:40:02,709] [INFO] Enviando mensagem para Nelita Restaurant...
[2025-10-09 21:40:26,609] [ERROR] Timeout ao aguardar caixa de mensagem para 551126261496. Número pode não existir.
[2025-10-09 21:40:26,615] [INFO] Número 551126261496 bloqueado automaticamente (não existe)
[2025-10-09 21:40:56,623] [INFO] Enviando mensagem para BADAUÊ SÃO PAULO...
[2025-10-09 21:41:20,553] [ERROR] Timeout ao aguardar caixa de mensagem para 551128941804. Número pode não existir.
[2025-10-09 21:41:20,559] [INFO] Número 551128941804 bloqueado automaticamente (não existe)
[2025-10-09 21:41:50,568] [INFO] Enviando mensagem para Restaurante Segredos de Minas - Bela Cintra...
[2025-10-09 21:41:58,682] [INFO] ✅ Mensagem enviada para Restaurante Segredos de Minas - Bela Cintra
[2025-10-09 21:42:28,692] [INFO] Enviando mensagem para A Bela Sintra...
[2025-10-09 21:42:52,601] [ERROR] Timeout ao aguardar caixa de mensagem para 551138910740. Número pode não existir.
[2025-10-09 21:42:52,610] [INFO] Número 551138910740 bloqueado automaticamente (não existe)
[2025-10-09 21:43:22,619] [INFO] Enviando mensagem para Restaurante Borgo Mooca...
[2025-10-09 21:43:34,633] [INFO] ✅ Mensagem enviada para Restaurante Borgo Mooca
[2025-10-09 21:44:04,643] [INFO] Enviando mensagem para Chez Amis Bistrô...
[2025-10-09 21:44:28,562] [ERROR] Timeout ao aguardar caixa de mensagem para 551131294930. Número pode não existir.
[2025-10-09 21:44:28,571] [INFO] Número 551131294930 bloqueado automaticamente (não existe)
[2025-10-09 21:44:58,581] [INFO] Enviando mensagem para TUJU...
[2025-10-09 21:45:07,409] [INFO] ✅ Mensagem enviada para TUJU
[2025-10-09 21:45:37,419] [INFO] Enviando mensagem para Casarìa SP...
[2025-10-09 21:45:45,852] [INFO] ✅ Mensagem enviada para Casarìa SP
[2025-10-09 21:46:15,861] [INFO] Enviando mensagem para Motique | Restaurante em Pinheiros...
[2025-10-09 21:46:39,805] [ERROR] Timeout ao aguardar caixa de mensagem para 551138149444. Número pode não existir.
[2025-10-09 21:46:39,810] [INFO] Número 551138149444 bloqueado automaticamente (não existe)
[2025-10-09 21:47:09,825] [INFO] Enviando mensagem para Sagrado Mineiro...
[2025-10-09 21:47:17,796] [INFO] ✅ Mensagem enviada para Sagrado Mineiro
[2025-10-09 21:47:47,806] [INFO] Enviando mensagem para Restaurante Maracujá...
[2025-10-09 21:48:12,039] [ERROR] Timeout ao aguardar caixa de mensagem para 551130610699. Número pode não existir.
[2025-10-09 21:48:12,044] [INFO] Número 551130610699 bloqueado automaticamente (não existe)
[2025-10-09 21:48:42,055] [INFO] Enviando mensagem para Nou restaurante...
[2025-10-09 21:48:50,181] [INFO] ✅ Mensagem enviada para Nou restaurante
[2025-10-09 21:49:20,195] [INFO] Enviando mensagem para Pé de Manga...
[2025-10-09 21:49:28,374] [INFO] ✅ Mensagem enviada para Pé de Manga
[2025-10-09 21:49:58,398] [INFO] Enviando mensagem para Maripili Restaurante...
[2025-10-09 21:50:06,762] [INFO] ✅ Mensagem enviada para Maripili Restaurante
[2025-10-09 21:50:36,780] [INFO] Enviando mensagem para Lolla Osteria...
[2025-10-09 21:51:00,747] [ERROR] Timeout ao aguardar caixa de mensagem para 551150416987. Número pode não existir.
[2025-10-09 21:51:00,760] [INFO] Número 551150416987 bloqueado automaticamente (não existe)
[2025-10-09 21:51:30,769] [INFO] Enviando mensagem para Restaurante Tarsila...
[2025-10-09 21:51:54,832] [ERROR] Timeout ao aguardar caixa de mensagem para 551131792600. Número pode não existir.
[2025-10-09 21:51:54,837] [INFO] Número 551131792600 bloqueado automaticamente (não existe)
[2025-10-09 21:52:24,846] [INFO] Enviando mensagem para Planeta's Restaurante...
[2025-10-09 21:52:48,659] [ERROR] Timeout ao aguardar caixa de mensagem para 551132565330. Número pode não existir.
[2025-10-09 21:52:48,663] [INFO] Número 551132565330 bloqueado automaticamente (não existe)
[2025-10-09 21:53:18,672] [INFO] Enviando mensagem para Biyou'Z Gastronomia Africana...
[2025-10-09 21:53:42,601] [ERROR] Timeout ao aguardar caixa de mensagem para 551132216806. Número pode não existir.
[2025-10-09 21:53:42,605] [INFO] Número 551132216806 bloqueado automaticamente (não existe)
[2025-10-09 21:54:12,614] [INFO] Enviando mensagem para Restaurante Osso...
[2025-10-09 21:54:20,792] [INFO] ✅ Mensagem enviada para Restaurante Osso
[2025-10-09 21:54:50,805] [INFO] Enviando mensagem para Beefbar...
[2025-10-09 21:55:14,899] [ERROR] Timeout ao aguardar caixa de mensagem para 551123861918. Número pode não existir.
[2025-10-09 21:55:14,903] [INFO] Número 551123861918 bloqueado automaticamente (não existe)
[2025-10-09 21:55:44,913] [INFO] Enviando mensagem para Restaurante Amadeus...
[2025-10-09 21:56:08,783] [ERROR] Timeout ao aguardar caixa de mensagem para 551130612859. Número pode não existir.
[2025-10-09 21:56:08,788] [INFO] Número 551130612859 bloqueado automaticamente (não existe)
[2025-10-09 21:56:38,798] [INFO] Enviando mensagem para Tasca da Esquina...
[2025-10-09 21:56:47,006] [INFO] ✅ Mensagem enviada para Tasca da Esquina
[2025-10-09 21:57:17,016] [INFO] Enviando mensagem para Osaka Nikkei São Paulo...
[2025-10-09 21:57:41,005] [ERROR] Timeout ao aguardar caixa de mensagem para 551130730234. Número pode não existir.
[2025-10-09 21:57:41,010] [INFO] Número 551130730234 bloqueado automaticamente (não existe)
[2025-10-09 21:58:11,019] [INFO] Enviando mensagem para JAM Itaim...
[2025-10-09 21:58:19,580] [INFO] ✅ Mensagem enviada para JAM Itaim
[2025-10-09 21:58:49,590] [INFO] Enviando mensagem para Miró Gastronomia...
[2025-10-09 21:58:57,839] [INFO] ✅ Mensagem enviada para Miró Gastronomia
[2025-10-09 21:59:27,848] [INFO] Enviando mensagem para URU Mar y Parrilla: Carnes, Frutos do Mar, Sobremesas, Gin, Caipirinhas, SP...
[2025-10-09 21:59:36,345] [INFO] ✅ Mensagem enviada para URU Mar y Parrilla: Carnes, Frutos do Mar, Sobremesas, Gin, Caipirinhas, SP
[2025-10-09 22:00:06,354] [INFO] Enviando mensagem para Gero...
[2025-10-09 22:00:10,066] [WARNING] Connection pool is full, discarding connection: localhost. Connection pool size: 1
[2025-10-09 22:00:30,464] [ERROR] Timeout ao aguardar caixa de mensagem para 551130646317. Número pode não existir.
[2025-10-09 22:00:30,468] [INFO] Número 551130646317 bloqueado automaticamente (não existe)
[2025-10-09 22:01:00,484] [INFO] Enviando mensagem para Tordesilhas...
[2025-10-09 22:01:24,555] [ERROR] Timeout ao aguardar caixa de mensagem para 551131077444. Número pode não existir.
[2025-10-09 22:01:24,560] [INFO] Número 551131077444 bloqueado automaticamente (não existe)
[2025-10-09 22:01:54,569] [INFO] Enviando mensagem para Restaurante Lilló...
[2025-10-09 22:02:02,859] [INFO] ✅ Mensagem enviada para Restaurante Lilló
[2025-10-09 22:02:32,869] [INFO] Enviando mensagem para Maní...
[2025-10-09 22:02:40,813] [INFO] ✅ Mensagem enviada para Maní
[2025-10-09 22:03:10,827] [INFO] Enviando mensagem para Cantina C...Que Sabe!...
[2025-10-09 22:03:16,541] [WARNING] Connection pool is full, discarding connection: localhost. Connection pool size: 1
[2025-10-09 22:03:39,866] [ERROR] Timeout ao aguardar caixa de mensagem para 551132514597. Número pode não existir.
[2025-10-09 22:03:39,871] [INFO] Número 551132514597 bloqueado automaticamente (não existe)
[2025-10-09 22:04:39,888] [INFO] Enviando mensagem para La Casserole...
[2025-10-09 22:04:48,182] [INFO] ✅ Mensagem enviada para La Casserole
[2025-10-09 22:05:18,197] [INFO] Enviando mensagem para Arturito - Paola Carosella...
[2025-10-09 22:05:42,780] [ERROR] Timeout ao aguardar caixa de mensagem para 551127800485. Número pode não existir.
[2025-10-09 22:05:42,785] [INFO] Número 551127800485 bloqueado automaticamente (não existe)
[2025-10-09 22:06:12,795] [INFO] Enviando mensagem para Restaurante Mestiço...
[2025-10-09 22:06:20,938] [INFO] ✅ Mensagem enviada para Restaurante Mestiço
[2025-10-09 22:06:50,948] [INFO] Enviando mensagem para Jacarandá...
[2025-10-09 22:06:59,634] [INFO] ✅ Mensagem enviada para Jacarandá
[2025-10-09 22:07:29,650] [INFO] Enviando mensagem para Esther Rooftop...
[2025-10-09 22:07:38,250] [INFO] ✅ Mensagem enviada para Esther Rooftop
[2025-10-09 22:08:08,260] [INFO] Enviando mensagem para La Tambouille...
[2025-10-09 22:08:33,352] [ERROR] Timeout ao aguardar caixa de mensagem para 551130796277. Número pode não existir.
[2025-10-09 22:08:33,359] [INFO] Número 551130796277 bloqueado automaticamente (não existe)
[2025-10-09 22:09:03,404] [INFO] Enviando mensagem para Taberna 474...
[2025-10-09 22:09:12,050] [WARNING] Connection pool is full, discarding connection: localhost. Connection pool size: 1
[2025-10-09 22:09:27,582] [ERROR] Timeout ao aguardar caixa de mensagem para 551130644291. Número pode não existir.
[2025-10-09 22:09:27,587] [INFO] Número 551130644291 bloqueado automaticamente (não existe)
[2025-10-09 22:09:57,596] [INFO] Enviando mensagem para Restaurante Cantaloup...
[2025-10-09 22:10:12,083] [WARNING] Connection pool is full, discarding connection: localhost. Connection pool size: 1
[2025-10-09 22:10:21,678] [ERROR] Timeout ao aguardar caixa de mensagem para 551130783445. Número pode não existir.
[2025-10-09 22:10:21,684] [INFO] Número 551130783445 bloqueado automaticamente (não existe)
[2025-10-09 22:10:51,693] [INFO] Enviando mensagem para Coco Bambu JK: Happy Hour, Chopp, Drinks, Peixe, Camarão, Sobremesa, São Paulo...
[2025-10-09 22:11:15,533] [ERROR] Timeout ao aguardar caixa de mensagem para 551130515255. Número pode não existir.
[2025-10-09 22:11:15,543] [INFO] Número 551130515255 bloqueado automaticamente (não existe)
[2025-10-09 22:11:45,554] [INFO] Enviando mensagem para Fogo de Chão Moema...
[2025-10-09 22:12:09,585] [ERROR] Timeout ao aguardar caixa de mensagem para 551150561795. Número pode não existir.
[2025-10-09 22:12:09,590] [INFO] Número 551150561795 bloqueado automaticamente (não existe)
[2025-10-09 22:12:39,610] [INFO] Enviando mensagem para Ristorantino Jardins...
[2025-10-09 22:13:03,445] [ERROR] Timeout ao aguardar caixa de mensagem para 551130630977. Número pode não existir.
[2025-10-09 22:13:03,449] [INFO] Número 551130630977 bloqueado automaticamente (não existe)
[2025-10-09 22:13:33,459] [INFO] Enviando mensagem para O Gato Que Ri...
[2025-10-09 22:13:57,382] [ERROR] Timeout ao aguardar caixa de mensagem para 551133310089. Número pode não existir.
[2025-10-09 22:13:57,388] [INFO] Número 551133310089 bloqueado automaticamente (não existe)
[2025-10-09 22:14:27,396] [INFO] Enviando mensagem para Vicolo Nostro...
[2025-10-09 22:14:51,405] [ERROR] Timeout ao aguardar caixa de mensagem para 551155615287. Número pode não existir.
[2025-10-09 22:14:51,410] [INFO] Número 551155615287 bloqueado automaticamente (não existe)
[2025-10-09 22:15:21,420] [INFO] Enviando mensagem para Tanit Culinária Espanhola...
[2025-10-09 22:15:45,533] [ERROR] Timeout ao aguardar caixa de mensagem para 551130626385. Número pode não existir.
[2025-10-09 22:15:45,543] [INFO] Número 551130626385 bloqueado automaticamente (não existe)
[2025-10-09 22:16:15,553] [INFO] Enviando mensagem para Jiquitaia...
[2025-10-09 22:16:24,014] [INFO] ✅ Mensagem enviada para Jiquitaia
[2025-10-09 22:16:54,024] [INFO] Enviando mensagem para Restaurante Les Présidents - Chef Érick Jacquin...
[2025-10-09 22:17:18,179] [ERROR] Timeout ao aguardar caixa de mensagem para 551130627169. Número pode não existir.
[2025-10-09 22:17:18,189] [INFO] Número 551130627169 bloqueado automaticamente (não existe)
[2025-10-09 22:17:48,207] [INFO] Enviando mensagem para Djapa...
[2025-10-09 22:17:56,331] [INFO] ✅ Mensagem enviada para Djapa
[2025-10-09 22:18:26,345] [INFO] Enviando mensagem para Bar da Dona Onça...
[2025-10-09 22:18:54,785] [ERROR] Timeout ao aguardar caixa de mensagem para 551132572016. Número pode não existir.
[2025-10-09 22:18:54,790] [INFO] Número 551132572016 bloqueado automaticamente (não existe)
[2025-10-09 22:19:24,805] [INFO] Enviando mensagem para Restaurante Cepa...
[2025-10-09 22:19:33,039] [INFO] ✅ Mensagem enviada para Restaurante Cepa
[2025-10-09 22:20:03,048] [INFO] Enviando mensagem para A Casa do Porco Bar...
[2025-10-09 22:20:26,792] [ERROR] Timeout ao aguardar caixa de mensagem para 551132582578. Número pode não existir.
[2025-10-09 22:20:26,796] [INFO] Número 551132582578 bloqueado automaticamente (não existe)
[2025-10-09 22:20:56,806] [INFO] Enviando mensagem para JAM Jardins...
[2025-10-09 22:21:04,431] [INFO] ✅ Mensagem enviada para JAM Jardins
[2025-10-09 22:21:34,440] [INFO] Enviando mensagem para Coco Bambu...
[2025-10-09 22:21:42,877] [INFO] ✅ Mensagem enviada para Coco Bambu
[2025-10-09 22:22:12,884] [INFO] Enviando mensagem para Zucco Ristorante...
[2025-10-09 22:22:21,474] [INFO] ✅ Mensagem enviada para Zucco Ristorante
[2025-10-09 22:22:51,484] [INFO] Enviando mensagem para TastelT Restaurante...
[2025-10-09 22:22:59,997] [INFO] ✅ Mensagem enviada para TastelT Restaurante
[2025-10-09 22:23:30,006] [INFO] Enviando mensagem para Parrillada Fuego Celeste - Unidade Moema...
[2025-10-09 22:23:53,793] [ERROR] Timeout ao aguardar caixa de mensagem para 551150517575. Número pode não existir.
[2025-10-09 22:23:53,799] [INFO] Número 551150517575 bloqueado automaticamente (não existe)
[2025-10-09 22:24:23,813] [INFO] Enviando mensagem para Parrillada Fuego Celeste - Unidade Vila Mariana...
[2025-10-09 22:24:47,751] [ERROR] Timeout ao aguardar caixa de mensagem para 551145638999. Número pode não existir.
[2025-10-09 22:24:47,757] [INFO] Número 551145638999 bloqueado automaticamente (não existe)
[2025-10-09 22:25:17,765] [INFO] Enviando mensagem para A Figueira Rubaiyat...
[2025-10-09 22:25:26,481] [INFO] ✅ Mensagem enviada para A Figueira Rubaiyat
[2025-10-09 22:25:56,491] [INFO] Enviando mensagem para Le Bife...
[2025-10-09 22:26:23,938] [ERROR] Timeout ao aguardar caixa de mensagem para 551143240783. Número pode não existir.
[2025-10-09 22:26:23,941] [INFO] Número 551143240783 bloqueado automaticamente (não existe)
